<?xml version="1.0" encoding="UTF-8"?>
<!-- Generated by org.testng.reporters.JUnitReportReporter -->
<testsuite skipped="0" hostname="DESKTOP-44FFRGA" name="com.pom.utilities.Resusables" tests="1" failures="0" timestamp="01 Oct 2019 10:37:21 GMT" time="44.533" errors="0">
  <testcase name="selectcalendate" time="44.533" classname="com.pom.utilities.Resusables"/>
</testsuite> <!-- com.pom.utilities.Resusables -->
